#
# A fatal error has been detected by the Java Runtime Environment:
#
#  Internal Error (safepoint.cpp:310), pid=1161, tid=20995
#  guarantee(PageArmed == 0) failed: invariant
#
# JRE version: Java(TM) SE Runtime Environment (8.0_51-b16) (build 1.8.0_51-b16)
# Java VM: Java HotSpot(TM) 64-Bit Server VM (25.51-b03 mixed mode bsd-amd64 compressed oops)
# Failed to write core dump. Core dumps have been disabled. To enable core dumping, try "ulimit -c unlimited" before starting Java again
#
# If you would like to submit a bug report, please visit:
#   http://bugreport.java.com/bugreport/crash.jsp
#

---------------  T H R E A D  ---------------

Current thread (0x00007ff26280d000):  VMThread [stack: 0x0000700003050000,0x0000700003150000] [id=20995]

Stack: [0x0000700003050000,0x0000700003150000],  sp=0x000070000314f910,  free space=1022k
Native frames: (J=compiled Java code, j=interpreted, Vv=VM code, C=native code)
V  [libjvm.dylib+0x58e75a]
V  [libjvm.dylib+0x1e0237]
V  [libjvm.dylib+0x4c2da4]
V  [libjvm.dylib+0x5948b7]
V  [libjvm.dylib+0x5942f5]
V  [libjvm.dylib+0x46e99e]
C  [libsystem_pthread.dylib+0x3661]  _pthread_body+0x154
C  [libsystem_pthread.dylib+0x350d]  _pthread_body+0x0
C  [libsystem_pthread.dylib+0x2bf9]  thread_start+0xd


---------------  P R O C E S S  ---------------

Java Threads: ( => current thread )
  0x00007ff262816000 JavaThread "Service Thread" daemon [_thread_blocked, id=17411, stack(0x0000700003765000,0x0000700003865000)]
  0x00007ff262815000 JavaThread "C1 CompilerThread2" daemon [_thread_blocked, id=17667, stack(0x0000700003662000,0x0000700003762000)]
  0x00007ff263002000 JavaThread "C2 CompilerThread1" daemon [_thread_blocked, id=18179, stack(0x000070000355f000,0x000070000365f000)]
  0x00007ff263831000 JavaThread "C2 CompilerThread0" daemon [_thread_blocked, id=18691, stack(0x000070000345c000,0x000070000355c000)]
  0x00007ff263830000 JavaThread "Signal Dispatcher" daemon [_thread_blocked, id=13835, stack(0x0000700003359000,0x0000700003459000)]
  0x00007ff262810800 JavaThread "Finalizer" daemon [_thread_blocked, id=20227, stack(0x0000700003256000,0x0000700003356000)]
  0x00007ff26280f800 JavaThread "Reference Handler" daemon [_thread_blocked, id=11523, stack(0x0000700003153000,0x0000700003253000)]
  0x00007ff264005000 JavaThread "main" [_thread_in_Java, id=6147, stack(0x0000700002b41000,0x0000700002c41000)]

Other Threads:
=>0x00007ff26280d000 VMThread [stack: 0x0000700003050000,0x0000700003150000] [id=20995]
  0x00007ff263001800 WatcherThread [stack: 0x0000700003868000,0x0000700003968000] [id=16899]

VM state:synchronizing (normal execution)

VM Mutex/Monitor currently owned by a thread:  ([mutex/lock_event])
[0x00007ff2627027a0] Safepoint_lock - owner thread: 0x00007ff26280d000
[0x00007ff262702820] Threads_lock - owner thread: 0x00007ff26280d000

Heap:
 PSYoungGen      total 38400K, used 5903K [0x0000000795580000, 0x0000000798000000, 0x00000007c0000000)
  eden space 33280K, 17% used [0x0000000795580000,0x0000000795b43d08,0x0000000797600000)
  from space 5120K, 0% used [0x0000000797b00000,0x0000000797b00000,0x0000000798000000)
  to   space 5120K, 0% used [0x0000000797600000,0x0000000797600000,0x0000000797b00000)
 ParOldGen       total 87552K, used 0K [0x0000000740000000, 0x0000000745580000, 0x0000000795580000)
  object space 87552K, 0% used [0x0000000740000000,0x0000000740000000,0x0000000745580000)
 Metaspace       used 2767K, capacity 4486K, committed 4864K, reserved 1056768K
  class space    used 300K, capacity 386K, committed 512K, reserved 1048576K

Card table byte_map: [0x0000000102129000,0x000000010252a000] byte_map_base: 0x00000000fe729000

Marking Bits: (ParMarkBitMap*) 0x00000001016c27a0
 Begin Bits: [0x00000001027d5000, 0x00000001047d5000)
 End Bits:   [0x00000001047d5000, 0x00000001067d5000)

Polling page: 0x000000010056d000

CodeCache: size=245760Kb used=1154Kb max_used=1158Kb free=244605Kb
 bounds [0x000000010cba3000, 0x000000010ce13000, 0x000000011bba3000]
 total_blobs=286 nmethods=43 adapters=157
 compilation: enabled

Compilation events (10 events):
Event: 0.562 Thread 0x00007ff262815000   39 %     3       Principal::main @ 15 (45 bytes)
Event: 0.563 Thread 0x00007ff262815000 nmethod 39% 0x000000010ccc2cd0 code [0x000000010ccc2ec0, 0x000000010ccc3438]
Event: 0.563 Thread 0x00007ff262815000   40       3       Principal::main (45 bytes)
Event: 0.563 Thread 0x00007ff262815000 nmethod 40 0x000000010ccc1c10 code [0x000000010ccc1de0, 0x000000010ccc22d8]
Event: 0.564 Thread 0x00007ff263002000   41 %     4       Principal::main @ 15 (45 bytes)
Event: 0.567 Thread 0x00007ff263002000 nmethod 41% 0x000000010ccc39d0 code [0x000000010ccc3b60, 0x000000010ccc3db8]
Event: 0.587 Thread 0x00007ff262815000   42 %     3       Principal::main @ 15 (45 bytes)
Event: 0.587 Thread 0x00007ff262815000 nmethod 42% 0x000000010ccc1210 code [0x000000010ccc1400, 0x000000010ccc1978]
Event: 0.588 Thread 0x00007ff263831000   43 %     4       Principal::main @ 15 (45 bytes)
Event: 0.592 Thread 0x00007ff263831000 nmethod 43% 0x000000010ccc4a90 code [0x000000010ccc4c20, 0x000000010ccc4f98]

GC Heap History (0 events):
No events

Deoptimization events (1 events):
Event: 0.586 Thread 0x00007ff264005000 Uncommon trap: reason=unstable_if action=reinterpret pc=0x000000010ccc3cd8 method=Principal.main([Ljava/lang/String;)V @ 18

Internal exceptions (2 events):
Event: 0.248 Thread 0x00007ff264005000 Exception <a 'java/lang/NoSuchMethodError': Method sun.misc.Unsafe.defineClass(Ljava/lang/String;[BII)Ljava/lang/Class; name or signature does not match> (0x0000000795592db0) thrown at [/Users/java_re/workspace/8-2-build-macosx-x86_64/jdk8u51/3951/hotspot
Event: 0.248 Thread 0x00007ff264005000 Exception <a 'java/lang/NoSuchMethodError': Method sun.misc.Unsafe.prefetchRead(Ljava/lang/Object;J)V name or signature does not match> (0x0000000795593040) thrown at [/Users/java_re/workspace/8-2-build-macosx-x86_64/jdk8u51/3951/hotspot/src/share/vm/prim

Events (10 events):
Event: 0.558 loading class java/util/Random done
Event: 0.558 loading class java/util/concurrent/atomic/AtomicLong
Event: 0.559 loading class java/util/concurrent/atomic/AtomicLong done
Event: 0.567 Thread 0x00007ff264005000 DEOPT PACKING pc=0x000000010ccc331c sp=0x0000700002c40880
Event: 0.567 Thread 0x00007ff264005000 DEOPT UNPACKING pc=0x000000010cbea633 sp=0x0000700002c40638 mode 0
Event: 0.586 Thread 0x00007ff264005000 Uncommon trap: trap_request=0xffffff65 fr.pc=0x000000010ccc3cd8
Event: 0.586 Thread 0x00007ff264005000 DEOPT PACKING pc=0x000000010ccc3cd8 sp=0x0000700002c408f0
Event: 0.586 Thread 0x00007ff264005000 DEOPT UNPACKING pc=0x000000010cba8229 sp=0x0000700002c408b8 mode 2
Event: 0.592 Thread 0x00007ff264005000 DEOPT PACKING pc=0x000000010ccc185c sp=0x0000700002c40880
Event: 0.592 Thread 0x00007ff264005000 DEOPT UNPACKING pc=0x000000010cbea633 sp=0x0000700002c40638 mode 0


Dynamic libraries:
0x0000000002a6a000 	/System/Library/Frameworks/Cocoa.framework/Versions/A/Cocoa
0x0000000002a6a000 	/System/Library/Frameworks/Security.framework/Versions/A/Security
0x0000000002a6a000 	/System/Library/Frameworks/ApplicationServices.framework/Versions/A/ApplicationServices
0x0000000002a6a000 	/usr/lib/libz.1.dylib
0x0000000002a6a000 	/usr/lib/libSystem.B.dylib
0x0000000002a6a000 	/usr/lib/libobjc.A.dylib
0x0000000002a6a000 	/System/Library/Frameworks/CoreFoundation.framework/Versions/A/CoreFoundation
0x0000000002a6a000 	/System/Library/Frameworks/Foundation.framework/Versions/C/Foundation
0x0000000002a6a000 	/System/Library/Frameworks/AppKit.framework/Versions/C/AppKit
0x0000000002a6a000 	/System/Library/Frameworks/CoreData.framework/Versions/A/CoreData
0x0000000002a6a000 	/System/Library/PrivateFrameworks/RemoteViewServices.framework/Versions/A/RemoteViewServices
0x0000000002a6a000 	/System/Library/PrivateFrameworks/UIFoundation.framework/Versions/A/UIFoundation
0x0000000002a6a000 	/System/Library/PrivateFrameworks/DFRFoundation.framework/Versions/A/DFRFoundation
0x0000000002a6a000 	/System/Library/Frameworks/Metal.framework/Versions/A/Metal
0x0000000002a6a000 	/System/Library/PrivateFrameworks/DesktopServicesPriv.framework/Versions/A/DesktopServicesPriv
0x0000000002a6a000 	/usr/lib/libenergytrace.dylib
0x0000000002a6a000 	/System/Library/PrivateFrameworks/SkyLight.framework/Versions/A/SkyLight
0x0000000002a6a000 	/System/Library/Frameworks/CoreGraphics.framework/Versions/A/CoreGraphics
0x0000000002a6a000 	/usr/lib/libScreenReader.dylib
0x0000000002a6a000 	/System/Library/Frameworks/Accelerate.framework/Versions/A/Accelerate
0x0000000002a6a000 	/System/Library/Frameworks/IOSurface.framework/Versions/A/IOSurface
0x0000000002a6a000 	/System/Library/Frameworks/AudioToolbox.framework/Versions/A/AudioToolbox
0x0000000002a6a000 	/System/Library/Frameworks/AudioUnit.framework/Versions/A/AudioUnit
0x0000000002a6a000 	/System/Library/PrivateFrameworks/DataDetectorsCore.framework/Versions/A/DataDetectorsCore
0x0000000002a6a000 	/System/Library/Frameworks/Carbon.framework/Versions/A/Frameworks/HIToolbox.framework/Versions/A/HIToolbox
0x0000000002a6a000 	/usr/lib/libicucore.A.dylib
0x0000000002a6a000 	/System/Library/Frameworks/QuartzCore.framework/Versions/A/QuartzCore
0x0000000002a6a000 	/System/Library/PrivateFrameworks/SignpostNotification.framework/Versions/A/SignpostNotification
0x0000000002a6a000 	/System/Library/Frameworks/Carbon.framework/Versions/A/Frameworks/SpeechRecognition.framework/Versions/A/SpeechRecognition
0x0000000002a6a000 	/usr/lib/libauto.dylib
0x0000000002a6a000 	/usr/lib/libxml2.2.dylib
0x0000000002a6a000 	/System/Library/PrivateFrameworks/CoreUI.framework/Versions/A/CoreUI
0x0000000002a6a000 	/System/Library/Frameworks/CoreAudio.framework/Versions/A/CoreAudio
0x0000000002a6a000 	/System/Library/Frameworks/DiskArbitration.framework/Versions/A/DiskArbitration
0x0000000002a6a000 	/usr/lib/liblangid.dylib
0x0000000002a6a000 	/System/Library/PrivateFrameworks/MultitouchSupport.framework/Versions/A/MultitouchSupport
0x0000000002a6a000 	/System/Library/Frameworks/IOKit.framework/Versions/A/IOKit
0x0000000002a6a000 	/usr/lib/libDiagnosticMessagesClient.dylib
0x0000000002a6a000 	/System/Library/Frameworks/CoreServices.framework/Versions/A/CoreServices
0x0000000002a6a000 	/System/Library/PrivateFrameworks/PerformanceAnalysis.framework/Versions/A/PerformanceAnalysis
0x0000000002a6a000 	/System/Library/Frameworks/OpenGL.framework/Versions/A/OpenGL
0x0000000002a6a000 	/System/Library/Frameworks/ColorSync.framework/Versions/A/ColorSync
0x0000000002a6a000 	/System/Library/Frameworks/CoreImage.framework/Versions/A/CoreImage
0x0000000002a6a000 	/System/Library/Frameworks/CoreText.framework/Versions/A/CoreText
0x0000000002a6a000 	/System/Library/Frameworks/ImageIO.framework/Versions/A/ImageIO
0x0000000002a6a000 	/System/Library/PrivateFrameworks/Backup.framework/Versions/A/Backup
0x0000000002a6a000 	/usr/lib/libarchive.2.dylib
0x0000000002a6a000 	/System/Library/Frameworks/CFNetwork.framework/Versions/A/CFNetwork
0x0000000002a6a000 	/System/Library/Frameworks/SystemConfiguration.framework/Versions/A/SystemConfiguration
0x0000000002a6a000 	/usr/lib/libCRFSuite.dylib
0x0000000002a6a000 	/usr/lib/libc++.1.dylib
0x0000000002a6a000 	/usr/lib/libc++abi.dylib
0x0000000002a6a000 	/usr/lib/system/libcache.dylib
0x0000000002a6a000 	/usr/lib/system/libcommonCrypto.dylib
0x0000000002a6a000 	/usr/lib/system/libcompiler_rt.dylib
0x0000000002a6a000 	/usr/lib/system/libcopyfile.dylib
0x0000000002a6a000 	/usr/lib/system/libcorecrypto.dylib
0x0000000002a6a000 	/usr/lib/system/libdispatch.dylib
0x0000000002a6a000 	/usr/lib/system/libdyld.dylib
0x0000000002a6a000 	/usr/lib/system/libkeymgr.dylib
0x0000000002a6a000 	/usr/lib/system/liblaunch.dylib
0x0000000002a6a000 	/usr/lib/system/libmacho.dylib
0x0000000002a6a000 	/usr/lib/system/libquarantine.dylib
0x0000000002a6a000 	/usr/lib/system/libremovefile.dylib
0x0000000002a6a000 	/usr/lib/system/libsystem_asl.dylib
0x0000000002a6a000 	/usr/lib/system/libsystem_blocks.dylib
0x0000000002a6a000 	/usr/lib/system/libsystem_c.dylib
0x0000000002a6a000 	/usr/lib/system/libsystem_configuration.dylib
0x0000000002a6a000 	/usr/lib/system/libsystem_coreservices.dylib
0x0000000002a6a000 	/usr/lib/system/libsystem_darwin.dylib
0x0000000002a6a000 	/usr/lib/system/libsystem_dnssd.dylib
0x0000000002a6a000 	/usr/lib/system/libsystem_info.dylib
0x0000000002a6a000 	/usr/lib/system/libsystem_m.dylib
0x0000000002a6a000 	/usr/lib/system/libsystem_malloc.dylib
0x0000000002a6a000 	/usr/lib/system/libsystem_network.dylib
0x0000000002a6a000 	/usr/lib/system/libsystem_networkextension.dylib
0x0000000002a6a000 	/usr/lib/system/libsystem_notify.dylib
0x0000000002a6a000 	/usr/lib/system/libsystem_sandbox.dylib
0x0000000002a6a000 	/usr/lib/system/libsystem_secinit.dylib
0x0000000002a6a000 	/usr/lib/system/libsystem_kernel.dylib
0x0000000002a6a000 	/usr/lib/system/libsystem_platform.dylib
0x0000000002a6a000 	/usr/lib/system/libsystem_pthread.dylib
0x0000000002a6a000 	/usr/lib/system/libsystem_symptoms.dylib
0x0000000002a6a000 	/usr/lib/system/libsystem_trace.dylib
0x0000000002a6a000 	/usr/lib/system/libunwind.dylib
0x0000000002a6a000 	/usr/lib/system/libxpc.dylib
0x0000000002a6a000 	/usr/lib/closure/libclosured.dylib
0x0000000002a6a000 	/usr/lib/libbsm.0.dylib
0x0000000002a6a000 	/usr/lib/system/libkxld.dylib
0x0000000002a6a000 	/usr/lib/libOpenScriptingUtil.dylib
0x0000000002a6a000 	/usr/lib/libcoretls.dylib
0x0000000002a6a000 	/usr/lib/libcoretls_cfhelpers.dylib
0x0000000002a6a000 	/usr/lib/libpam.2.dylib
0x0000000002a6a000 	/usr/lib/libsqlite3.dylib
0x0000000002a6a000 	/usr/lib/libxar.1.dylib
0x0000000002a6a000 	/usr/lib/libbz2.1.0.dylib
0x0000000002a6a000 	/usr/lib/liblzma.5.dylib
0x0000000002a6a000 	/usr/lib/libnetwork.dylib
0x0000000002a6a000 	/usr/lib/libapple_nghttp2.dylib
0x0000000002a6a000 	/usr/lib/libpcap.A.dylib
0x0000000002a6a000 	/usr/lib/libboringssl.dylib
0x0000000002a6a000 	/usr/lib/libusrtcp.dylib
0x0000000002a6a000 	/usr/lib/libapple_crypto.dylib
0x0000000002a6a000 	/System/Library/Frameworks/CoreServices.framework/Versions/A/Frameworks/FSEvents.framework/Versions/A/FSEvents
0x0000000002a6a000 	/System/Library/Frameworks/CoreServices.framework/Versions/A/Frameworks/CarbonCore.framework/Versions/A/CarbonCore
0x0000000002a6a000 	/System/Library/Frameworks/CoreServices.framework/Versions/A/Frameworks/Metadata.framework/Versions/A/Metadata
0x0000000002a6a000 	/System/Library/Frameworks/CoreServices.framework/Versions/A/Frameworks/OSServices.framework/Versions/A/OSServices
0x0000000002a6a000 	/System/Library/Frameworks/CoreServices.framework/Versions/A/Frameworks/SearchKit.framework/Versions/A/SearchKit
0x0000000002a6a000 	/System/Library/Frameworks/CoreServices.framework/Versions/A/Frameworks/AE.framework/Versions/A/AE
0x0000000002a6a000 	/System/Library/Frameworks/CoreServices.framework/Versions/A/Frameworks/LaunchServices.framework/Versions/A/LaunchServices
0x0000000002a6a000 	/System/Library/Frameworks/CoreServices.framework/Versions/A/Frameworks/DictionaryServices.framework/Versions/A/DictionaryServices
0x0000000002a6a000 	/System/Library/Frameworks/CoreServices.framework/Versions/A/Frameworks/SharedFileList.framework/Versions/A/SharedFileList
0x0000000002a6a000 	/System/Library/Frameworks/NetFS.framework/Versions/A/NetFS
0x0000000002a6a000 	/System/Library/PrivateFrameworks/NetAuth.framework/Versions/A/NetAuth
0x0000000002a6a000 	/System/Library/PrivateFrameworks/login.framework/Versions/A/Frameworks/loginsupport.framework/Versions/A/loginsupport
0x0000000002a6a000 	/System/Library/PrivateFrameworks/TCC.framework/Versions/A/TCC
0x0000000002a6a000 	/usr/lib/libmecabra.dylib
0x0000000002a6a000 	/System/Library/Frameworks/ApplicationServices.framework/Versions/A/Frameworks/ATS.framework/Versions/A/ATS
0x0000000002a6a000 	/System/Library/Frameworks/ApplicationServices.framework/Versions/A/Frameworks/ColorSyncLegacy.framework/Versions/A/ColorSyncLegacy
0x0000000002a6a000 	/System/Library/Frameworks/ApplicationServices.framework/Versions/A/Frameworks/HIServices.framework/Versions/A/HIServices
0x0000000002a6a000 	/System/Library/Frameworks/ApplicationServices.framework/Versions/A/Frameworks/LangAnalysis.framework/Versions/A/LangAnalysis
0x0000000002a6a000 	/System/Library/Frameworks/ApplicationServices.framework/Versions/A/Frameworks/PrintCore.framework/Versions/A/PrintCore
0x0000000002a6a000 	/System/Library/Frameworks/ApplicationServices.framework/Versions/A/Frameworks/QD.framework/Versions/A/QD
0x0000000002a6a000 	/System/Library/Frameworks/ApplicationServices.framework/Versions/A/Frameworks/SpeechSynthesis.framework/Versions/A/SpeechSynthesis
0x0000000002a6a000 	/System/Library/Frameworks/CoreDisplay.framework/Versions/A/CoreDisplay
0x0000000002a6a000 	/System/Library/Frameworks/Accelerate.framework/Versions/A/Frameworks/vImage.framework/Versions/A/vImage
0x0000000002a6a000 	/System/Library/Frameworks/Accelerate.framework/Versions/A/Frameworks/vecLib.framework/Versions/A/vecLib
0x0000000002a6a000 	/System/Library/Frameworks/Accelerate.framework/Versions/A/Frameworks/vecLib.framework/Versions/A/libvDSP.dylib
0x0000000002a6a000 	/System/Library/Frameworks/Accelerate.framework/Versions/A/Frameworks/vecLib.framework/Versions/A/libBNNS.dylib
0x0000000002a6a000 	/System/Library/Frameworks/Accelerate.framework/Versions/A/Frameworks/vecLib.framework/Versions/A/libQuadrature.dylib
0x0000000002a6a000 	/System/Library/Frameworks/Accelerate.framework/Versions/A/Frameworks/vecLib.framework/Versions/A/libvMisc.dylib
0x0000000002a6a000 	/System/Library/Frameworks/Accelerate.framework/Versions/A/Frameworks/vecLib.framework/Versions/A/libLAPACK.dylib
0x0000000002a6a000 	/System/Library/Frameworks/Accelerate.framework/Versions/A/Frameworks/vecLib.framework/Versions/A/libBLAS.dylib
0x0000000002a6a000 	/System/Library/Frameworks/Accelerate.framework/Versions/A/Frameworks/vecLib.framework/Versions/A/libLinearAlgebra.dylib
0x0000000002a6a000 	/System/Library/Frameworks/Accelerate.framework/Versions/A/Frameworks/vecLib.framework/Versions/A/libSparse.dylib
0x0000000002a6a000 	/System/Library/Frameworks/Accelerate.framework/Versions/A/Frameworks/vecLib.framework/Versions/A/libSparseBLAS.dylib
0x0000000002a6a000 	/System/Library/PrivateFrameworks/GPUWrangler.framework/Versions/A/GPUWrangler
0x0000000002a6a000 	/System/Library/PrivateFrameworks/IOAccelerator.framework/Versions/A/IOAccelerator
0x0000000002a6a000 	/System/Library/PrivateFrameworks/IOPresentment.framework/Versions/A/IOPresentment
0x0000000002a6a000 	/System/Library/PrivateFrameworks/DSExternalDisplay.framework/Versions/A/DSExternalDisplay
0x0000000002a6a000 	/System/Library/Frameworks/OpenGL.framework/Versions/A/Libraries/libCoreFSCache.dylib
0x0000000002a6a000 	/System/Library/Frameworks/CoreVideo.framework/Versions/A/CoreVideo
0x0000000002a6a000 	/System/Library/PrivateFrameworks/GraphVisualizer.framework/Versions/A/GraphVisualizer
0x0000000002a6a000 	/System/Library/Frameworks/MetalPerformanceShaders.framework/Versions/A/MetalPerformanceShaders
0x0000000002a6a000 	/usr/lib/libFosl_dynamic.dylib
0x0000000002a6a000 	/System/Library/PrivateFrameworks/FaceCore.framework/Versions/A/FaceCore
0x0000000002a6a000 	/System/Library/Frameworks/OpenCL.framework/Versions/A/OpenCL
0x0000000002a6a000 	/usr/lib/libcompression.dylib
0x0000000002a6a000 	/System/Library/Frameworks/ApplicationServices.framework/Versions/A/Frameworks/ATS.framework/Versions/A/Resources/libFontParser.dylib
0x0000000002a6a000 	/System/Library/Frameworks/ApplicationServices.framework/Versions/A/Frameworks/ATS.framework/Versions/A/Resources/libFontRegistry.dylib
0x0000000002a6a000 	/System/Library/Frameworks/ImageIO.framework/Versions/A/Resources/libJPEG.dylib
0x0000000002a6a000 	/System/Library/Frameworks/ImageIO.framework/Versions/A/Resources/libTIFF.dylib
0x0000000002a6a000 	/System/Library/Frameworks/ImageIO.framework/Versions/A/Resources/libPng.dylib
0x0000000002a6a000 	/System/Library/Frameworks/ImageIO.framework/Versions/A/Resources/libGIF.dylib
0x0000000002a6a000 	/System/Library/Frameworks/ImageIO.framework/Versions/A/Resources/libJP2.dylib
0x0000000002a6a000 	/System/Library/Frameworks/ImageIO.framework/Versions/A/Resources/libRadiance.dylib
0x0000000002a6a000 	/System/Library/PrivateFrameworks/AppleJPEG.framework/Versions/A/AppleJPEG
0x0000000002a6a000 	/System/Library/Frameworks/MetalPerformanceShaders.framework/Frameworks/MPSCore.framework/Versions/A/MPSCore
0x0000000002a6a000 	/System/Library/Frameworks/MetalPerformanceShaders.framework/Frameworks/MPSImage.framework/Versions/A/MPSImage
0x0000000002a6a000 	/System/Library/Frameworks/MetalPerformanceShaders.framework/Frameworks/MPSNeuralNetwork.framework/Versions/A/MPSNeuralNetwork
0x0000000002a6a000 	/System/Library/Frameworks/MetalPerformanceShaders.framework/Frameworks/MPSMatrix.framework/Versions/A/MPSMatrix
0x0000000002a6a000 	/System/Library/PrivateFrameworks/MetalTools.framework/Versions/A/MetalTools
0x0000000002a6a000 	/System/Library/Frameworks/OpenGL.framework/Versions/A/Libraries/libGLU.dylib
0x0000000002a6a000 	/System/Library/Frameworks/OpenGL.framework/Versions/A/Libraries/libGFXShared.dylib
0x0000000002a6a000 	/System/Library/Frameworks/OpenGL.framework/Versions/A/Libraries/libGL.dylib
0x0000000002a6a000 	/System/Library/Frameworks/OpenGL.framework/Versions/A/Libraries/libGLImage.dylib
0x0000000002a6a000 	/System/Library/Frameworks/OpenGL.framework/Versions/A/Libraries/libCVMSPluginSupport.dylib
0x0000000002a6a000 	/System/Library/Frameworks/OpenGL.framework/Versions/A/Libraries/libCoreVMClient.dylib
0x0000000002a6a000 	/usr/lib/libcups.2.dylib
0x0000000002a6a000 	/System/Library/Frameworks/Kerberos.framework/Versions/A/Kerberos
0x0000000002a6a000 	/System/Library/Frameworks/GSS.framework/Versions/A/GSS
0x0000000002a6a000 	/usr/lib/libresolv.9.dylib
0x0000000002a6a000 	/usr/lib/libiconv.2.dylib
0x0000000002a6a000 	/System/Library/PrivateFrameworks/Heimdal.framework/Versions/A/Heimdal
0x0000000002a6a000 	/usr/lib/libheimdal-asn1.dylib
0x0000000002a6a000 	/System/Library/Frameworks/OpenDirectory.framework/Versions/A/OpenDirectory
0x0000000002a6a000 	/System/Library/PrivateFrameworks/CommonAuth.framework/Versions/A/CommonAuth
0x0000000002a6a000 	/System/Library/Frameworks/OpenDirectory.framework/Versions/A/Frameworks/CFOpenDirectory.framework/Versions/A/CFOpenDirectory
0x0000000002a6a000 	/System/Library/Frameworks/SecurityFoundation.framework/Versions/A/SecurityFoundation
0x0000000002a6a000 	/System/Library/PrivateFrameworks/APFS.framework/Versions/A/APFS
0x0000000002a6a000 	/usr/lib/libutil.dylib
0x0000000002a6a000 	/System/Library/PrivateFrameworks/AppleSauce.framework/Versions/A/AppleSauce
0x0000000002a6a000 	/System/Library/PrivateFrameworks/LinguisticData.framework/Versions/A/LinguisticData
0x0000000002a6a000 	/usr/lib/libmarisa.dylib
0x0000000002a6a000 	/System/Library/PrivateFrameworks/Lexicon.framework/Versions/A/Lexicon
0x0000000002a6a000 	/usr/lib/libChineseTokenizer.dylib
0x0000000002a6a000 	/usr/lib/libcmph.dylib
0x0000000002a6a000 	/System/Library/PrivateFrameworks/LanguageModeling.framework/Versions/A/LanguageModeling
0x0000000002a6a000 	/System/Library/PrivateFrameworks/CoreEmoji.framework/Versions/A/CoreEmoji
0x0000000002a6a000 	/System/Library/Frameworks/ServiceManagement.framework/Versions/A/ServiceManagement
0x0000000002a6a000 	/System/Library/PrivateFrameworks/BackgroundTaskManagement.framework/Versions/A/BackgroundTaskManagement
0x0000000002a6a000 	/usr/lib/libxslt.1.dylib
0x0000000002a6a000 	/System/Library/Frameworks/Carbon.framework/Versions/A/Frameworks/Ink.framework/Versions/A/Ink
0x0000000002a6a000 	/System/Library/PrivateFrameworks/TextureIO.framework/Versions/A/TextureIO
0x0000000002a6a000 	/usr/lib/libate.dylib
0x0000000002a6a000 	/System/Library/PrivateFrameworks/CrashReporterSupport.framework/Versions/A/CrashReporterSupport
0x0000000002a6a000 	/System/Library/PrivateFrameworks/Sharing.framework/Versions/A/Sharing
0x0000000002a6a000 	/System/Library/PrivateFrameworks/IconServices.framework/Versions/A/IconServices
0x0000000002a6a000 	/System/Library/PrivateFrameworks/AuthKit.framework/Versions/A/AuthKit
0x0000000002a6a000 	/System/Library/PrivateFrameworks/Apple80211.framework/Versions/A/Apple80211
0x0000000002a6a000 	/System/Library/PrivateFrameworks/CoreUtils.framework/Versions/A/CoreUtils
0x0000000002a6a000 	/System/Library/Frameworks/CoreWLAN.framework/Versions/A/CoreWLAN
0x0000000002a6a000 	/System/Library/Frameworks/IOBluetooth.framework/Versions/A/IOBluetooth
0x0000000002a6a000 	/System/Library/PrivateFrameworks/ProtocolBuffer.framework/Versions/A/ProtocolBuffer
0x0000000002a6a000 	/System/Library/PrivateFrameworks/MobileKeyBag.framework/Versions/A/MobileKeyBag
0x0000000002a6a000 	/System/Library/PrivateFrameworks/CorePhoneNumbers.framework/Versions/A/CorePhoneNumbers
0x0000000002a6a000 	/System/Library/PrivateFrameworks/AppleIDAuthSupport.framework/Versions/A/AppleIDAuthSupport
0x0000000002a6a000 	/System/Library/PrivateFrameworks/KeychainCircle.framework/Versions/A/KeychainCircle
0x0000000002a6a000 	/System/Library/PrivateFrameworks/CoreWiFi.framework/Versions/A/CoreWiFi
0x0000000002a6a000 	/System/Library/Frameworks/CoreBluetooth.framework/Versions/A/CoreBluetooth
0x0000000002a6a000 	/System/Library/PrivateFrameworks/DebugSymbols.framework/Versions/A/DebugSymbols
0x0000000002a6a000 	/System/Library/PrivateFrameworks/CoreSymbolication.framework/Versions/A/CoreSymbolication
0x0000000002a6a000 	/System/Library/PrivateFrameworks/Symbolication.framework/Versions/A/Symbolication
0x0000000002a6a000 	/System/Library/PrivateFrameworks/AppleFSCompression.framework/Versions/A/AppleFSCompression
0x0000000002a6a000 	/System/Library/PrivateFrameworks/SpeechRecognitionCore.framework/Versions/A/SpeechRecognitionCore
0x0000000100e00000 	/Library/Java/JavaVirtualMachines/jdk1.8.0_51.jdk/Contents/Home/jre/lib/server/libjvm.dylib
0x0000000002a6a000 	/usr/lib/libstdc++.6.0.9.dylib
0x000000010052a000 	/Library/Java/JavaVirtualMachines/jdk1.8.0_51.jdk/Contents/Home/jre/lib/libverify.dylib
0x0000000100538000 	/Library/Java/JavaVirtualMachines/jdk1.8.0_51.jdk/Contents/Home/jre/lib/libjava.dylib
0x00000001005b7000 	/Library/Java/JavaVirtualMachines/jdk1.8.0_51.jdk/Contents/Home/jre/lib/libzip.dylib
0x0000000002a6a000 	/System/Library/Frameworks/JavaVM.framework/Versions/A/Frameworks/JavaRuntimeSupport.framework/Versions/A/JavaRuntimeSupport
0x0000000002a6a000 	/System/Library/Frameworks/JavaVM.framework/Versions/A/Frameworks/JavaNativeFoundation.framework/Versions/A/JavaNativeFoundation
0x0000000002a6a000 	/System/Library/Frameworks/JavaVM.framework/Versions/A/JavaVM
0x0000000002a6a000 	/System/Library/Frameworks/Carbon.framework/Versions/A/Carbon
0x0000000002a6a000 	/System/Library/PrivateFrameworks/JavaLaunching.framework/Versions/A/JavaLaunching
0x0000000002a6a000 	/System/Library/Frameworks/Carbon.framework/Versions/A/Frameworks/CommonPanels.framework/Versions/A/CommonPanels
0x0000000002a6a000 	/System/Library/Frameworks/Carbon.framework/Versions/A/Frameworks/Help.framework/Versions/A/Help
0x0000000002a6a000 	/System/Library/Frameworks/Carbon.framework/Versions/A/Frameworks/ImageCapture.framework/Versions/A/ImageCapture
0x0000000002a6a000 	/System/Library/Frameworks/Carbon.framework/Versions/A/Frameworks/OpenScripting.framework/Versions/A/OpenScripting
0x0000000002a6a000 	/System/Library/Frameworks/Carbon.framework/Versions/A/Frameworks/Print.framework/Versions/A/Print
0x0000000002a6a000 	/System/Library/Frameworks/Carbon.framework/Versions/A/Frameworks/SecurityHI.framework/Versions/A/SecurityHI

VM Arguments:
jvm_args: -Dfile.encoding=UTF-8 
java_command: Principal
java_class_path (initial): /Volumes/ADRIANMORA/Tec2/Estructura de Datos/EVA1_16_TAMANIO_IMPORTA/build/classes
Launcher Type: SUN_STANDARD

Environment Variables:
PATH=/usr/bin:/bin:/usr/sbin:/sbin
LD_LIBRARY_PATH=/Library/Java/JavaVirtualMachines/jdk1.8.0_51.jdk/Contents/Home/jre/lib/amd64:/Library/Java/JavaVirtualMachines/jdk1.8.0_51.jdk/Contents/Home/jre/lib/i386:
SHELL=/bin/bash

Signal Handlers:
SIGSEGV: [libjvm.dylib+0x58ef35], sa_mask[0]=11111111011111110111111111111111, sa_flags=SA_ONSTACK|SA_RESTART|SA_SIGINFO
SIGBUS: [libjvm.dylib+0x58ef35], sa_mask[0]=11111111011111110111111111111111, sa_flags=SA_RESTART|SA_SIGINFO
SIGFPE: [libjvm.dylib+0x46c028], sa_mask[0]=11111111011111110111111111111111, sa_flags=SA_RESTART|SA_SIGINFO
SIGPIPE: [libjvm.dylib+0x46c028], sa_mask[0]=11111111011111110111111111111111, sa_flags=SA_RESTART|SA_SIGINFO
SIGXFSZ: [libjvm.dylib+0x46c028], sa_mask[0]=11111111011111110111111111111111, sa_flags=SA_RESTART|SA_SIGINFO
SIGILL: [libjvm.dylib+0x46c028], sa_mask[0]=11111111011111110111111111111111, sa_flags=SA_RESTART|SA_SIGINFO
SIGUSR1: SIG_DFL, sa_mask[0]=00000000000000000000000000000000, sa_flags=none
SIGUSR2: [libjvm.dylib+0x46bb46], sa_mask[0]=00100000000000000000000000000000, sa_flags=SA_RESTART|SA_SIGINFO
SIGHUP: [libjvm.dylib+0x46a119], sa_mask[0]=11111111011111110111111111111111, sa_flags=SA_RESTART|SA_SIGINFO
SIGINT: SIG_IGN, sa_mask[0]=00000000000000000000000000000000, sa_flags=none
SIGTERM: [libjvm.dylib+0x46a119], sa_mask[0]=11111111011111110111111111111111, sa_flags=SA_RESTART|SA_SIGINFO
SIGQUIT: [libjvm.dylib+0x46a119], sa_mask[0]=11111111011111110111111111111111, sa_flags=SA_RESTART|SA_SIGINFO


---------------  S Y S T E M  ---------------

OS:Bsduname:Darwin 17.7.0 Darwin Kernel Version 17.7.0: Thu Jun 21 22:53:14 PDT 2018; root:xnu-4570.71.2~1/RELEASE_X86_64 x86_64
rlimit: STACK 8192k, CORE 0k, NPROC 709, NOFILE 10240, AS infinity
load average:3.01 2.94 2.68

CPU:total 4 (4 cores per cpu, 1 threads per core) family 6 model 70 stepping 1, cmov, cx8, fxsr, mmx, sse, sse2, sse3, ssse3, sse4.1, sse4.2, popcnt, avx, avx2, aes, clmul, erms, lzcnt, tsc, tscinvbit, bmi1, bmi2

Memory: 4k page, physical 8388608k(2768604k free)

/proc/meminfo:


vm_info: Java HotSpot(TM) 64-Bit Server VM (25.51-b03) for bsd-amd64 JRE (1.8.0_51-b16), built on Jun  8 2015 18:01:11 by "java_re" with gcc 4.2.1 (Based on Apple Inc. build 5658) (LLVM build 2336.11.00)

time: Fri Feb 15 11:46:54 2019
elapsed time: 1831 seconds (0d 0h 30m 31s)

